Sat Apr  2 10:20:59 2022 ... upload obama.jpg to folder Can_Pass
Sat Apr  2 10:24:55 2022 ... upload trest.jpg to folder Can_not_Pass
Sat Apr  2 10:34:27 2022 ... check face complete by champ, 
Sat Apr  2 10:34:34 2022 ... password FALSE
Sat Apr  2 10:34:55 2022 ... password TRUE, door open for a while
Sat Apr  2 10:35:50 2022 ... check face complete by champ, 
Sat Apr  2 10:35:59 2022 ... password TRUE, door open for a while
Sat Apr  2 10:36:18 2022 ... check face complete by champ, 
Sat Apr  2 10:36:42 2022 ... password FALSE
Sat Apr  2 10:36:46 2022 ... password TRUE, door open for a while
Sat Apr  2 10:39:38 2022 ... check face complete by champ, 
Sat Apr  2 10:40:40 2022 ... check face complete by champ, 
Sat Apr  2 10:40:46 2022 ... password FALSE
Sat Apr  2 10:40:51 2022 ... password TRUE, door open for a while
Sat Apr  2 10:41:03 2022 ... door close, reset to scan face
Sat Apr  2 10:41:04 2022 ... door close, reset to scan face
Sat Apr  2 10:41:05 2022 ... door close, reset to scan face
Sat Apr  2 10:41:06 2022 ... door close, reset to scan face
Sat Apr  2 10:41:07 2022 ... door close, reset to scan face
Sat Apr  2 10:41:08 2022 ... door close, reset to scan face
Sat Apr  2 10:41:09 2022 ... door close, reset to scan face
Sat Apr  2 10:41:10 2022 ... door close, reset to scan face
Sat Apr  2 10:41:11 2022 ... door close, reset to scan face
Sat Apr  2 10:41:12 2022 ... door close, reset to scan face
Sat Apr  2 10:41:13 2022 ... door close, reset to scan face
Sat Apr  2 10:41:14 2022 ... door close, reset to scan face
Sat Apr  2 10:41:15 2022 ... door close, reset to scan face
Sat Apr  2 10:41:16 2022 ... door close, reset to scan face
Sat Apr  2 10:41:17 2022 ... door close, reset to scan face
Sat Apr  2 10:41:18 2022 ... door close, reset to scan face
Sat Apr  2 10:41:19 2022 ... door close, reset to scan face
